C:\Workspaces\AngularControleFinanceiro\AppControleFinanceiro\src\DevIO.App\ControleFinanceiro-UI\dist\out-tsc\e2e\src\app.po.js
C:\Workspaces\AngularControleFinanceiro\AppControleFinanceiro\src\DevIO.App\ControleFinanceiro-UI\dist\out-tsc\e2e\src\app.po.js.map
C:\Workspaces\AngularControleFinanceiro\AppControleFinanceiro\src\DevIO.App\ControleFinanceiro-UI\dist\out-tsc\e2e\src\app.e2e-spec.js
C:\Workspaces\AngularControleFinanceiro\AppControleFinanceiro\src\DevIO.App\ControleFinanceiro-UI\dist\out-tsc\e2e\src\app.e2e-spec.js.map
C:\Workspaces\AngularControleFinanceiro\AppControleFinanceiro\src\DevIO.App\ControleFinanceiro-UI\dist\out-tsc\src\app\models\Tipo.js
C:\Workspaces\AngularControleFinanceiro\AppControleFinanceiro\src\DevIO.App\ControleFinanceiro-UI\dist\out-tsc\src\app\models\Tipo.js.map
C:\Workspaces\AngularControleFinanceiro\AppControleFinanceiro\src\DevIO.App\ControleFinanceiro-UI\dist\out-tsc\src\app\models\Categoria.js
C:\Workspaces\AngularControleFinanceiro\AppControleFinanceiro\src\DevIO.App\ControleFinanceiro-UI\dist\out-tsc\src\app\models\Categoria.js.map
C:\Workspaces\AngularControleFinanceiro\AppControleFinanceiro\src\DevIO.App\ControleFinanceiro-UI\dist\out-tsc\src\app\services\categoria.service.js
C:\Workspaces\AngularControleFinanceiro\AppControleFinanceiro\src\DevIO.App\ControleFinanceiro-UI\dist\out-tsc\src\app\services\categoria.service.js.map
C:\Workspaces\AngularControleFinanceiro\AppControleFinanceiro\src\DevIO.App\ControleFinanceiro-UI\dist\out-tsc\src\app\components\Categoria\listagem-categoria\listagem-categoria.component.js
C:\Workspaces\AngularControleFinanceiro\AppControleFinanceiro\src\DevIO.App\ControleFinanceiro-UI\dist\out-tsc\src\app\components\Categoria\listagem-categoria\listagem-categoria.component.js.map
C:\Workspaces\AngularControleFinanceiro\AppControleFinanceiro\src\DevIO.App\ControleFinanceiro-UI\dist\out-tsc\src\app\app-routing.module.js
C:\Workspaces\AngularControleFinanceiro\AppControleFinanceiro\src\DevIO.App\ControleFinanceiro-UI\dist\out-tsc\src\app\app-routing.module.js.map
C:\Workspaces\AngularControleFinanceiro\AppControleFinanceiro\src\DevIO.App\ControleFinanceiro-UI\dist\out-tsc\src\app\app.component.js
C:\Workspaces\AngularControleFinanceiro\AppControleFinanceiro\src\DevIO.App\ControleFinanceiro-UI\dist\out-tsc\src\app\app.component.js.map
C:\Workspaces\AngularControleFinanceiro\AppControleFinanceiro\src\DevIO.App\ControleFinanceiro-UI\dist\out-tsc\src\app\services\tipos.service.js
C:\Workspaces\AngularControleFinanceiro\AppControleFinanceiro\src\DevIO.App\ControleFinanceiro-UI\dist\out-tsc\src\app\services\tipos.service.js.map
C:\Workspaces\AngularControleFinanceiro\AppControleFinanceiro\src\DevIO.App\ControleFinanceiro-UI\dist\out-tsc\src\app\app.module.js
C:\Workspaces\AngularControleFinanceiro\AppControleFinanceiro\src\DevIO.App\ControleFinanceiro-UI\dist\out-tsc\src\app\app.module.js.map
C:\Workspaces\AngularControleFinanceiro\AppControleFinanceiro\src\DevIO.App\ControleFinanceiro-UI\dist\out-tsc\src\environments\environment.js
C:\Workspaces\AngularControleFinanceiro\AppControleFinanceiro\src\DevIO.App\ControleFinanceiro-UI\dist\out-tsc\src\environments\environment.js.map
C:\Workspaces\AngularControleFinanceiro\AppControleFinanceiro\src\DevIO.App\ControleFinanceiro-UI\dist\out-tsc\src\main.js
C:\Workspaces\AngularControleFinanceiro\AppControleFinanceiro\src\DevIO.App\ControleFinanceiro-UI\dist\out-tsc\src\main.js.map
C:\Workspaces\AngularControleFinanceiro\AppControleFinanceiro\src\DevIO.App\ControleFinanceiro-UI\dist\out-tsc\src\polyfills.js
C:\Workspaces\AngularControleFinanceiro\AppControleFinanceiro\src\DevIO.App\ControleFinanceiro-UI\dist\out-tsc\src\polyfills.js.map
C:\Workspaces\AngularControleFinanceiro\AppControleFinanceiro\src\DevIO.App\ControleFinanceiro-UI\dist\out-tsc\src\test.js
C:\Workspaces\AngularControleFinanceiro\AppControleFinanceiro\src\DevIO.App\ControleFinanceiro-UI\dist\out-tsc\src\test.js.map
C:\Workspaces\AngularControleFinanceiro\AppControleFinanceiro\src\DevIO.App\ControleFinanceiro-UI\dist\out-tsc\src\app\app.component.spec.js
C:\Workspaces\AngularControleFinanceiro\AppControleFinanceiro\src\DevIO.App\ControleFinanceiro-UI\dist\out-tsc\src\app\app.component.spec.js.map
C:\Workspaces\AngularControleFinanceiro\AppControleFinanceiro\src\DevIO.App\ControleFinanceiro-UI\dist\out-tsc\src\app\components\Categoria\listagem-categoria\listagem-categoria.component.spec.js
C:\Workspaces\AngularControleFinanceiro\AppControleFinanceiro\src\DevIO.App\ControleFinanceiro-UI\dist\out-tsc\src\app\components\Categoria\listagem-categoria\listagem-categoria.component.spec.js.map
C:\Workspaces\AngularControleFinanceiro\AppControleFinanceiro\src\DevIO.App\ControleFinanceiro-UI\dist\out-tsc\src\app\services\categoria.service.spec.js
C:\Workspaces\AngularControleFinanceiro\AppControleFinanceiro\src\DevIO.App\ControleFinanceiro-UI\dist\out-tsc\src\app\services\categoria.service.spec.js.map
C:\Workspaces\AngularControleFinanceiro\AppControleFinanceiro\src\DevIO.App\ControleFinanceiro-UI\dist\out-tsc\src\app\services\tipos.service.spec.js
C:\Workspaces\AngularControleFinanceiro\AppControleFinanceiro\src\DevIO.App\ControleFinanceiro-UI\dist\out-tsc\src\app\services\tipos.service.spec.js.map
C:\Workspaces\AngularControleFinanceiro\AppControleFinanceiro\src\DevIO.App\ControleFinanceiro-UI\dist\out-tsc\src\environments\environment.prod.js
C:\Workspaces\AngularControleFinanceiro\AppControleFinanceiro\src\DevIO.App\ControleFinanceiro-UI\dist\out-tsc\src\environments\environment.prod.js.map
